2025-02-22 06:31:00.156 [info] [main] Log level: Info
2025-02-22 06:31:00.156 [info] [main] Validating found git in: "git"
2025-02-22 06:31:00.156 [info] [main] Using git "2.43.0" from "git"
2025-02-22 06:31:00.156 [info] [Model][doInitialScan] Initial repository scan started
2025-02-22 06:31:00.156 [info] > git rev-parse --show-toplevel [9ms]
2025-02-22 06:31:00.156 [info] fatal: not a git repository (or any of the parent directories): .git
2025-02-22 06:31:00.156 [info] > git rev-parse --show-toplevel [2ms]
2025-02-22 06:31:00.156 [info] fatal: not a git repository (or any of the parent directories): .git
2025-02-22 06:31:00.156 [info] > git rev-parse --show-toplevel [3ms]
2025-02-22 06:31:00.156 [info] fatal: not a git repository (or any of the parent directories): .git
2025-02-22 06:31:00.156 [info] > git rev-parse --show-toplevel [1ms]
2025-02-22 06:31:00.156 [info] fatal: not a git repository (or any of the parent directories): .git
2025-02-22 06:31:00.156 [info] > git rev-parse --show-toplevel [2ms]
2025-02-22 06:31:00.156 [info] fatal: not a git repository (or any of the parent directories): .git
2025-02-22 06:31:00.156 [info] [Model][doInitialScan] Initial repository scan completed - repositories (0), closed repositories (0), parent repositories (0), unsafe repositories (0)
2025-02-22 06:31:07.702 [info] > git rev-parse --show-toplevel [1ms]
2025-02-22 06:31:07.702 [info] fatal: not a git repository (or any of the parent directories): .git
2025-02-22 06:31:10.885 [info] > git rev-parse --show-toplevel [2ms]
2025-02-22 06:31:10.885 [info] fatal: not a git repository (or any of the parent directories): .git
2025-02-22 06:33:20.568 [info] > git rev-parse --show-toplevel [1ms]
2025-02-22 06:33:20.568 [info] fatal: not a git repository (or any of the parent directories): .git
2025-02-22 06:33:38.195 [info] > git rev-parse --show-toplevel [1ms]
2025-02-22 06:33:38.195 [info] fatal: not a git repository (or any of the parent directories): .git
2025-02-22 06:35:41.517 [info] > git rev-parse --show-toplevel [2ms]
2025-02-22 06:35:41.517 [info] fatal: not a git repository (or any of the parent directories): .git
2025-02-22 06:38:57.966 [info] > git rev-parse --show-toplevel [1ms]
2025-02-22 06:38:57.966 [info] fatal: not a git repository (or any of the parent directories): .git
2025-02-22 06:41:00.940 [info] > git rev-parse --show-toplevel [2ms]
2025-02-22 06:41:00.940 [info] fatal: not a git repository (or any of the parent directories): .git
2025-02-22 06:50:24.534 [info] > git rev-parse --show-toplevel [1ms]
2025-02-22 06:50:24.535 [info] fatal: not a git repository (or any of the parent directories): .git
2025-02-22 06:50:28.569 [info] > git rev-parse --show-toplevel [2ms]
2025-02-22 06:50:28.569 [info] fatal: not a git repository (or any of the parent directories): .git
2025-02-22 06:51:13.721 [info] > git rev-parse --show-toplevel [3ms]
2025-02-22 06:51:13.721 [info] fatal: not a git repository (or any of the parent directories): .git
2025-02-22 06:51:19.995 [info] > git rev-parse --show-toplevel [1ms]
2025-02-22 06:51:19.995 [info] fatal: not a git repository (or any of the parent directories): .git
2025-02-22 06:51:23.682 [info] > git rev-parse --show-toplevel [7ms]
2025-02-22 06:51:23.682 [info] fatal: not a git repository (or any of the parent directories): .git
2025-02-22 06:56:31.919 [info] > git rev-parse --show-toplevel [2ms]
2025-02-22 06:56:31.919 [info] fatal: not a git repository (or any of the parent directories): .git
2025-02-22 07:28:58.978 [info] > git rev-parse --show-toplevel [4ms]
2025-02-22 07:28:58.979 [info] fatal: not a git repository (or any of the parent directories): .git
2025-02-22 07:29:09.682 [info] > git rev-parse --show-toplevel [3ms]
2025-02-22 07:29:09.682 [info] fatal: not a git repository (or any of the parent directories): .git
2025-02-22 07:29:17.189 [info] > git rev-parse --show-toplevel [2ms]
2025-02-22 07:29:17.189 [info] fatal: not a git repository (or any of the parent directories): .git
2025-02-22 07:35:05.707 [info] > git rev-parse --show-toplevel [2ms]
2025-02-22 07:35:05.707 [info] fatal: not a git repository (or any of the parent directories): .git
2025-02-22 07:35:06.544 [info] > git rev-parse --show-toplevel [3ms]
2025-02-22 07:35:06.544 [info] fatal: not a git repository (or any of the parent directories): .git
2025-02-22 07:35:23.815 [info] > git rev-parse --show-toplevel [2ms]
2025-02-22 07:35:23.815 [info] fatal: not a git repository (or any of the parent directories): .git
2025-02-22 07:35:24.746 [info] > git rev-parse --show-toplevel [2ms]
2025-02-22 07:35:24.746 [info] fatal: not a git repository (or any of the parent directories): .git
